<?xml version="1.0" encoding="UTF-8"?>
<!-- Generated by org.testng.reporters.JUnitXMLReporter -->
<testsuite hostname="ETMUM-MB028.local" ignored="0" name="DefaultTest" tests="2" failures="0" timestamp="18 Jul 2018 13:14:28 GMT" time="24.285" errors="0">
  <testcase name="testStartContianerWithDebugPorts" time="10.924" classname="com.rochak.dockertest.DockerTests"/>
  <testcase name="testBrowserTest" time="11.94" classname="com.rochak.dockertest.DockerTests"/>
</testsuite> <!-- DefaultTest -->
