<?xml version="1.0" encoding="UTF-8"?>
<!-- Generated by org.testng.reporters.JUnitXMLReporter -->
<testsuite hostname="ETMUM-MB028.local" ignored="1" name="DefaultTest" tests="2" failures="0" timestamp="19 Jul 2018 12:43:03 GMT" time="79.028" errors="0">
  <testcase name="testStartContianerWithDebugPorts" time="10.944" classname="com.rochak.dockertest.DockerTests"/>
  <testcase name="testBrowserTest" time="66.374" classname="com.rochak.dockertest.DockerTests"/>
  <testcase name="testStartContianer" time="0.0" classname="com.rochak.dockertest.DockerTests">
    <ignored/>
  </testcase> <!-- testStartContianer -->
</testsuite> <!-- DefaultTest -->
