<?xml version="1.0" encoding="UTF-8"?>
<testsuite xmlns:xsi="http://www.w3.org/2001/XMLSchema-instance" xsi:noNamespaceSchemaLocation="https://maven.apache.org/surefire/maven-surefire-plugin/xsd/surefire-test-report.xsd" name="TestSuite" time="79.926" tests="2" errors="0" skipped="0" failures="0">
  <properties>
[...]
</properties>
  <testcase name="testStartContianerWithDebugPorts" classname="com.rochak.dockertest.DockerTests" time="10.948"/>
  <testcase name="testBrowserTest" classname="com.rochak.dockertest.DockerTests" time="66.372"/>
</testsuite>