<?xml version="1.0" encoding="UTF-8"?>
<testng-results skipped="0" failed="0" ignored="1" total="3" passed="2">
  <reporter-output>
  </reporter-output>
  <suite name="DockerTestSuite" duration-ms="79028" started-at="2018-07-19T12:41:43Z" finished-at="2018-07-19T12:43:03Z">
    <groups>
    </groups>
    <test name="DefaultTest" duration-ms="79028" started-at="2018-07-19T12:41:43Z" finished-at="2018-07-19T12:43:03Z">
      <class name="com.rochak.dockertest.DockerTests">
        <test-method status="PASS" signature="setUp()[pri:0, instance:com.rochak.dockertest.DockerTests@1573f9fc]" name="setUp" is-config="true" duration-ms="981" started-at="2018-07-19T12:41:43Z" finished-at="2018-07-19T12:41:44Z">
          <reporter-output>
          </reporter-output>
        </test-method> <!-- setUp -->
        <test-method status="PASS" signature="testStartContianerWithDebugPorts()[pri:0, instance:com.rochak.dockertest.DockerTests@1573f9fc]" name="testStartContianerWithDebugPorts" duration-ms="10944" started-at="2018-07-19T12:41:44Z" finished-at="2018-07-19T12:41:55Z">
          <reporter-output>
          </reporter-output>
        </test-method> <!-- testStartContianerWithDebugPorts -->
        <test-method status="PASS" signature="testBrowserTest()[pri:1, instance:com.rochak.dockertest.DockerTests@1573f9fc]" name="testBrowserTest" duration-ms="66374" started-at="2018-07-19T12:41:55Z" finished-at="2018-07-19T12:43:02Z">
          <reporter-output>
          </reporter-output>
        </test-method> <!-- testBrowserTest -->
        <test-method status="PASS" signature="tearDown()[pri:0, instance:com.rochak.dockertest.DockerTests@1573f9fc]" name="tearDown" is-config="true" duration-ms="712" started-at="2018-07-19T12:43:02Z" finished-at="2018-07-19T12:43:03Z">
          <reporter-output>
          </reporter-output>
        </test-method> <!-- tearDown -->
      </class> <!-- com.rochak.dockertest.DockerTests -->
    </test> <!-- DefaultTest -->
  </suite> <!-- DockerTestSuite -->
</testng-results>
